<?xml version="1.0" encoding="UTF-8"?>
<!-- Generated by org.testng.reporters.JUnitXMLReporter -->
<testsuite ignored="0" hostname="MSI" failures="0" tests="3" name="CrossBrowser" time="10.605" errors="0" timestamp="2025-10-03T19:44:08 CEST">
  <testcase classname="test_cases.login_tests" name="verifyTitle" time="0.012"/>
  <testcase classname="test_cases.login_tests" name="testValidLogin" time="1.266"/>
  <testcase classname="test_cases.TC_002_LoginWithInvalidDetails" name="testInvalidLogin" time="1.415"/>
</testsuite> <!-- CrossBrowser -->
