<?xml version="1.0" encoding="UTF-8"?>
<!-- Generated by org.testng.reporters.JUnitXMLReporter -->
<testsuite ignored="2" hostname="MSI" failures="1" tests="1" name="Regression Tests" time="0.003" errors="0" timestamp="2025-10-06T18:04:19 CEST">
  <testcase classname="test_cases.PIMTests" name="TC_004_AddEmployeeWithoutFirstName" time="0.001">
    <failure type="java.lang.NullPointerException" message="Cannot invoke &amp;quot;org.apache.logging.log4j.Logger.info(String)&amp;quot; because &amp;quot;this.logger&amp;quot; is null">
      <![CDATA[java.lang.NullPointerException: Cannot invoke "org.apache.logging.log4j.Logger.info(String)" because "this.logger" is null
at test_cases.PIMTests.TC_004_AddEmployeeWithoutFirstName(PIMTests.java:56)
at java.base/java.util.ArrayList.forEach(ArrayList.java:1596)
... Removed 25 stack frames]]>
    </failure>
  </testcase> <!-- TC_004_AddEmployeeWithoutFirstName -->
  <testcase classname="test_cases.PIMTests" name="TC_003_AddEmployeeWithValidData" time="0.0">
    <ignored/>
  </testcase> <!-- TC_003_AddEmployeeWithValidData -->
  <testcase classname="test_cases.PIMTests" name="TC_005_SearchEmployee" time="0.0">
    <ignored/>
  </testcase> <!-- TC_005_SearchEmployee -->
</testsuite> <!-- Regression Tests -->
