<?xml version="1.0" encoding="UTF-8"?>
<!-- Generated by org.testng.reporters.JUnitXMLReporter -->
<testsuite ignored="0" hostname="MSI" failures="0" tests="2" name="EdgeTest" time="0.794" errors="0" timestamp="2025-10-06T17:46:41 CEST">
  <testcase classname="test_cases.LoginTests" name="TC_001_ValidLogin" time="0.0">
    <skipped/>
  </testcase> <!-- TC_001_ValidLogin -->
  <testcase classname="test_cases.LoginTests" name="TC_002_InvalidLogin" time="0.0">
    <skipped/>
  </testcase> <!-- TC_002_InvalidLogin -->
</testsuite> <!-- EdgeTest -->
